<?xml version="1.0" encoding="UTF-8"?>
<!-- Generated by org.testng.reporters.JUnitReportReporter -->
<testsuite hostname="DESKTOP-OSG6H8E" failures="0" tests="2" name="testng_practise.Annotations1" time="0.012" errors="0" timestamp="2025-07-27T10:17:49 IST" skipped="0">
  <testcase classname="testng_practise.Annotations1" name="verifytestcase1" time="0.008"/>
  <system-out/>
  <testcase classname="testng_practise.Annotations1" name="verifytestcase2" time="0.004"/>
  <system-out/>
</testsuite> <!-- testng_practise.Annotations1 -->
