<?xml version="1.0" encoding="UTF-8"?>
<!-- Generated by org.testng.reporters.JUnitReportReporter -->
<testsuite hostname="DESKTOP-OSG6H8E" failures="0" tests="1" name="com.saucedemo.testclass.TC05_Addmultiitem" time="10.541" errors="0" timestamp="2025-08-02T12:29:10 IST" skipped="0">
  <testcase classname="com.saucedemo.testclass.TC05_Addmultiitem" name="Addmultiitem" time="10.541"/>
  <system-out/>
</testsuite> <!-- com.saucedemo.testclass.TC05_Addmultiitem -->
