<?xml version="1.0" encoding="UTF-8"?>
<!-- Generated by org.testng.reporters.JUnitReportReporter -->
<testsuite hostname="DESKTOP-OSG6H8E" failures="0" tests="4" name="pack1.program1" time="0.022" errors="0" timestamp="2023-02-01T06:16:36 GMT" skipped="0">
  <testcase classname="pack1.program1" name="method2" time="0.014"/>
  <system-out/>
  <testcase classname="pack1.program1" name="method1" time="0.002"/>
  <system-out/>
  <testcase classname="pack1.program1" name="method3" time="0.003"/>
  <system-out/>
  <testcase classname="pack1.program1" name="method4" time="0.003"/>
  <system-out/>
</testsuite> <!-- pack1.program1 -->
