<?xml version="1.0" encoding="UTF-8"?>
<!-- Generated by org.testng.reporters.JUnitReportReporter -->
<testsuite hostname="DESKTOP-OSG6H8E" failures="0" tests="7" name="pack1.TestNG_Keywords" time="0.056" errors="0" timestamp="2023-04-20T18:30:31 IST" skipped="1">
  <testcase classname="pack1.TestNG_Keywords" name="method3" time="0.016"/>
  <system-out/>
  <testcase classname="pack1.TestNG_Keywords" name="method1" time="0.004"/>
  <system-out/>
  <testcase classname="pack1.TestNG_Keywords" name="method1" time="0.003"/>
  <system-out/>
  <testcase classname="pack1.TestNG_Keywords" name="method5" time="0.013"/>
  <system-out/>
  <testcase classname="pack1.TestNG_Keywords" name="method6" time="0.013"/>
  <system-out/>
  <testcase classname="pack1.TestNG_Keywords" name="method2" time="0.007"/>
  <system-out/>
  <testcase classname="pack1.TestNG_Keywords" name="method4">
    <skipped/>
  </testcase> <!-- method4 -->
  <system-out/>
</testsuite> <!-- pack1.TestNG_Keywords -->
