<?xml version="1.0" encoding="UTF-8"?>
<!-- Generated by org.testng.reporters.JUnitReportReporter -->
<testsuite hostname="DESKTOP-OSG6H8E" failures="0" tests="1" name="com.saucedemo.testclass.TC12_verifycheckoutpage" time="4.402" errors="1" timestamp="2025-08-02T12:29:10 IST" skipped="0">
  <testcase classname="com.saucedemo.testclass.TC12_verifycheckoutpage" name="verifycheckoutomethod" time="4.402">
    <error message="failed expected:&lt;Checkout: Your Information&gt; but was:&lt;Your Cart&gt;" type="junit.framework.ComparisonFailure">
      <![CDATA[junit.framework.ComparisonFailure: failed expected:<Checkout: Your Information> but was:<Your Cart>
at junit.framework.Assert.assertEquals(Assert.java:81)
at com.saucedemo.pomclass.CheckoutPage.checkouttextmethod(CheckoutPage.java:65)
at com.saucedemo.testclass.TC12_verifycheckoutpage.verifycheckoutomethod(TC12_verifycheckoutpage.java:26)
at java.base/jdk.internal.reflect.NativeMethodAccessorImpl.invoke0(Native Method)
at java.base/jdk.internal.reflect.NativeMethodAccessorImpl.invoke(NativeMethodAccessorImpl.java:77)
at java.base/jdk.internal.reflect.DelegatingMethodAccessorImpl.invoke(DelegatingMethodAccessorImpl.java:43)
at java.base/java.lang.reflect.Method.invoke(Method.java:568)
at org.testng.internal.invokers.MethodInvocationHelper.invokeMethod(MethodInvocationHelper.java:139)
at org.testng.internal.invokers.TestInvoker.invokeMethod(TestInvoker.java:677)
at org.testng.internal.invokers.TestInvoker.invokeTestMethod(TestInvoker.java:221)
at org.testng.internal.invokers.MethodRunner.runInSequence(MethodRunner.java:50)
at org.testng.internal.invokers.TestInvoker$MethodInvocationAgent.invoke(TestInvoker.java:969)
at org.testng.internal.invokers.TestInvoker.invokeTestMethods(TestInvoker.java:194)
at org.testng.internal.invokers.TestMethodWorker.invokeTestMethods(TestMethodWorker.java:148)
at org.testng.internal.invokers.TestMethodWorker.run(TestMethodWorker.java:128)
at java.base/java.util.concurrent.ThreadPoolExecutor.runWorker(ThreadPoolExecutor.java:1136)
at java.base/java.util.concurrent.ThreadPoolExecutor$Worker.run(ThreadPoolExecutor.java:635)
at java.base/java.lang.Thread.run(Thread.java:833)
]]>
    </error>
  </testcase> <!-- verifycheckoutomethod -->
  <system-out/>
</testsuite> <!-- com.saucedemo.testclass.TC12_verifycheckoutpage -->
